<?xml version="1.0" encoding="UTF-8"?>
<!-- Generated by org.testng.reporters.JUnitReportReporter -->
<testsuite hostname="DESKTOP-V3O9M40" name="Validatevisitor.ValidateVisitorTest" tests="10" failures="0" timestamp="24 May 2019 11:08:03 GMT" time="21.652" errors="0">
  <testcase name="ValidatevisitorMobile" time="2.101" classname="Validatevisitor.ValidateVisitorTest"/>
  <testcase name="ValidatevisitorinvalidQR" time="1.696" classname="Validatevisitor.ValidateVisitorTest"/>
  <testcase name="ValidatevisitorinvalidPhone" time="1.665" classname="Validatevisitor.ValidateVisitorTest"/>
  <testcase name="Validatevisitorinvalidactivity" time="1.824" classname="Validatevisitor.ValidateVisitorTest"/>
  <testcase name="Login" time="2.073" classname="Validatevisitor.ValidateVisitorTest"/>
  <testcase name="terminalinvalidToken" time="5.251" classname="Validatevisitor.ValidateVisitorTest"/>
  <testcase name="visitorinvalidToken" time="1.644" classname="Validatevisitor.ValidateVisitorTest"/>
  <testcase name="ValidatevisitorEmail" time="1.852" classname="Validatevisitor.ValidateVisitorTest"/>
  <testcase name="ValidatevisitorinvalidEmail" time="1.662" classname="Validatevisitor.ValidateVisitorTest"/>
  <testcase name="ValidatevisitorvalidQR" time="1.884" classname="Validatevisitor.ValidateVisitorTest"/>
</testsuite> <!-- Validatevisitor.ValidateVisitorTest -->
