<?xml version="1.0" encoding="UTF-8"?>
<!-- Generated by org.testng.reporters.JUnitReportReporter -->
<testsuite hostname="DESKTOP-V3O9M40" name="VenuesAutomation.CompleteVenueTesting" tests="13" failures="0" timestamp="23 May 2019 08:27:37 GMT" time="28.032" errors="0">
  <testcase name="invalidRoles" time="1.689" classname="VenuesAutomation.CompleteVenueTesting"/>
  <testcase name="MappingVenue" time="2.611" classname="VenuesAutomation.CompleteVenueTesting"/>
  <testcase name="MapAdminandVenue" time="1.663" classname="VenuesAutomation.CompleteVenueTesting"/>
  <testcase name="grpinvalidToken" time="2.152" classname="VenuesAutomation.CompleteVenueTesting"/>
  <testcase name="grpinvalidOrganization" time="1.710" classname="VenuesAutomation.CompleteVenueTesting"/>
  <testcase name="invalidOrganization" time="1.664" classname="VenuesAutomation.CompleteVenueTesting"/>
  <testcase name="invalidVenue" time="1.729" classname="VenuesAutomation.CompleteVenueTesting"/>
  <testcase name="invalidToken" time="1.678" classname="VenuesAutomation.CompleteVenueTesting"/>
  <testcase name="mapinvalidToken" time="1.630" classname="VenuesAutomation.CompleteVenueTesting"/>
  <testcase name="invalidGroup" time="1.709" classname="VenuesAutomation.CompleteVenueTesting"/>
  <testcase name="addVenue" time="6.357" classname="VenuesAutomation.CompleteVenueTesting"/>
  <testcase name="mapinvalidOrganization" time="1.655" classname="VenuesAutomation.CompleteVenueTesting"/>
  <testcase name="mapinvalidVenue" time="1.785" classname="VenuesAutomation.CompleteVenueTesting"/>
</testsuite> <!-- VenuesAutomation.CompleteVenueTesting -->
