<?xml version="1.0" encoding="UTF-8"?>
<!-- Generated by org.testng.reporters.JUnitReportReporter -->
<testsuite hostname="DESKTOP-V3O9M40" name="VenuesAutomation.CompleteVenueTesting" tests="17" failures="0" timestamp="3 Jun 2019 08:50:09 GMT" time="35.096" errors="0">
  <testcase name="mapinvalidOrganization" time="1.898" classname="VenuesAutomation.CompleteVenueTesting"/>
  <testcase name="invalidGroup" time="1.829" classname="VenuesAutomation.CompleteVenueTesting"/>
  <testcase name="mapinvalidVenue" time="1.811" classname="VenuesAutomation.CompleteVenueTesting"/>
  <testcase name="grpinvalidOrganization" time="1.716" classname="VenuesAutomation.CompleteVenueTesting"/>
  <testcase name="invalidRoles" time="1.770" classname="VenuesAutomation.CompleteVenueTesting"/>
  <testcase name="invalidVenue" time="1.743" classname="VenuesAutomation.CompleteVenueTesting"/>
  <testcase name="inviteinvalidGroup" time="1.865" classname="VenuesAutomation.CompleteVenueTesting"/>
  <testcase name="invalidOrganization" time="1.721" classname="VenuesAutomation.CompleteVenueTesting"/>
  <testcase name="grpinvalidToken" time="1.765" classname="VenuesAutomation.CompleteVenueTesting"/>
  <testcase name="GroupVenuePermission" time="1.794" classname="VenuesAutomation.CompleteVenueTesting"/>
  <testcase name="inviteinvalidToken" time="2.073" classname="VenuesAutomation.CompleteVenueTesting"/>
  <testcase name="MappingVenue" time="1.765" classname="VenuesAutomation.CompleteVenueTesting"/>
  <testcase name="invalidToken" time="1.832" classname="VenuesAutomation.CompleteVenueTesting"/>
  <testcase name="enableInviteGroup" time="1.815" classname="VenuesAutomation.CompleteVenueTesting"/>
  <testcase name="addVenue" time="6.035" classname="VenuesAutomation.CompleteVenueTesting"/>
  <testcase name="inviteinvalidOrganization" time="1.832" classname="VenuesAutomation.CompleteVenueTesting"/>
  <testcase name="mapinvalidToken" time="1.832" classname="VenuesAutomation.CompleteVenueTesting"/>
</testsuite> <!-- VenuesAutomation.CompleteVenueTesting -->
