<?xml version="1.0" encoding="UTF-8"?>
<!-- Generated by org.testng.reporters.JUnitReportReporter -->
<testsuite hostname="DESKTOP-V3O9M40" name="Validatevisitor.TerminalLogin" tests="3" failures="0" timestamp="3 Jun 2019 13:43:51 GMT" time="8.614" errors="0">
  <testcase name="terminalLogin" time="5.294" classname="Validatevisitor.TerminalLogin"/>
  <testcase name="terminalinvalidPasssword" time="1.713" classname="Validatevisitor.TerminalLogin"/>
  <testcase name="terminalinvalidUsername" time="1.607" classname="Validatevisitor.TerminalLogin"/>
</testsuite> <!-- Validatevisitor.TerminalLogin -->
