<?xml version="1.0" encoding="UTF-8"?>
<!-- Generated by org.testng.reporters.JUnitReportReporter -->
<testsuite hostname="DESKTOP-V3O9M40" name="InviteTesting.CreateInvite" tests="8" failures="0" timestamp="6 Jun 2019 10:51:49 GMT" time="14.293" errors="0">
  <testcase name="createInviteIncorrectDate" time="1.646" classname="InviteTesting.CreateInvite"/>
  <testcase name="createInvitePastvalidTill" time="1.694" classname="InviteTesting.CreateInvite"/>
  <testcase name="invalidToken" time="1.666" classname="InviteTesting.CreateInvite"/>
  <testcase name="createInviteInvalidPhone" time="1.726" classname="InviteTesting.CreateInvite"/>
  <testcase name="createInviteEmail" time="1.793" classname="InviteTesting.CreateInvite"/>
  <testcase name="NopermissioncreateInvitePhone" time="1.972" classname="InviteTesting.CreateInvite"/>
  <testcase name="createInviteInvalidEmail" time="1.712" classname="InviteTesting.CreateInvite"/>
  <testcase name="createInvitePhone" time="2.084" classname="InviteTesting.CreateInvite"/>
</testsuite> <!-- InviteTesting.CreateInvite -->
