<?xml version="1.0" encoding="UTF-8"?>
<!-- Generated by org.testng.reporters.JUnitReportReporter -->
<testsuite hostname="DESKTOP-V3O9M40" name="Validatevisitor.MeetingWithAPI" tests="3" failures="0" timestamp="3 Jun 2019 13:28:30 GMT" time="5.215" errors="0">
  <testcase name="MeetingWithTest" time="1.929" classname="Validatevisitor.MeetingWithAPI"/>
  <testcase name="invalidMeetingWith" time="1.692" classname="Validatevisitor.MeetingWithAPI"/>
  <testcase name="invalidToken" time="1.594" classname="Validatevisitor.MeetingWithAPI"/>
</testsuite> <!-- Validatevisitor.MeetingWithAPI -->
