<?xml version="1.0" encoding="UTF-8"?>
<!-- Generated by org.testng.reporters.JUnitReportReporter -->
<testsuite hostname="DESKTOP-V3O9M40" name="InviteTesting.GetAllInvites" tests="2" failures="0" timestamp="23 May 2019 09:23:09 GMT" time="11.526" errors="0">
  <testcase name="invalidToken" time="3.556" classname="InviteTesting.GetAllInvites"/>
  <testcase name="gettingInvites" time="7.970" classname="InviteTesting.GetAllInvites"/>
</testsuite> <!-- InviteTesting.GetAllInvites -->
