<?xml version="1.0" encoding="UTF-8"?>
<!-- Generated by org.testng.reporters.JUnitReportReporter -->
<testsuite hostname="DESKTOP-V3O9M40" name="Validatevisitor.TerminalLogin" tests="1" failures="0" timestamp="24 May 2019 07:46:29 GMT" time="5.463" errors="0">
  <testcase name="terminalLogin" time="5.463" classname="Validatevisitor.TerminalLogin"/>
</testsuite> <!-- Validatevisitor.TerminalLogin -->
