<?xml version="1.0" encoding="UTF-8"?>
<!-- Generated by org.testng.reporters.JUnitReportReporter -->
<testsuite hostname="DESKTOP-V3O9M40" name="InviteTesting.GetAllInvites" tests="2" failures="0" timestamp="6 Jun 2019 10:52:30 GMT" time="4.005" errors="0">
  <testcase name="gettingInvites" time="2.345" classname="InviteTesting.GetAllInvites"/>
  <testcase name="invalidToken" time="1.660" classname="InviteTesting.GetAllInvites"/>
</testsuite> <!-- InviteTesting.GetAllInvites -->
